[INFO] Scanning for projects...
[INFO] 
[INFO] -----------< com.registrationform.api:ikp-labs-api >-----------
[INFO] Building Registration Form API 1.0.0
[INFO]   from pom.xml
[INFO] --------------------------------[ jar ]---------------------------------
[INFO] 
[INFO] >>> spring-boot:3.3.6:run (default-cli) > test-compile @ ikp-labs-api >>>
[INFO] 
[INFO] --- resources:3.3.1:resources (default-resources) @ ikp-labs-api ---
[INFO] Copying 1 resource from src/main/resources to target/classes
[INFO] Copying 0 resource from src/main/resources to target/classes
[INFO] 
[INFO] --- compiler:3.13.0:compile (default-compile) @ ikp-labs-api ---
[INFO] Nothing to compile - all classes are up to date.
[INFO] 
[INFO] --- resources:3.3.1:testResources (default-testResources) @ ikp-labs-api ---
[INFO] skip non existing resourceDirectory /Users/isnendyankp/Desktop/Programmer/Belajar/Project/Template/RegistrationForm/backend/ikp-labs-api/src/test/resources
[INFO] 
[INFO] --- compiler:3.13.0:testCompile (default-testCompile) @ ikp-labs-api ---
[INFO] Nothing to compile - all classes are up to date.
[INFO] 
[INFO] <<< spring-boot:3.3.6:run (default-cli) < test-compile @ ikp-labs-api <<<
[INFO] 
[INFO] 
[INFO] --- spring-boot:3.3.6:run (default-cli) @ ikp-labs-api ---
[INFO] Attaching agents: []

  .   ____          _            __ _ _
 /\\ / ___'_ __ _ _(_)_ __  __ _ \ \ \ \
( ( )\___ | '_ | '_| | '_ \/ _` | \ \ \ \
 \\/  ___)| |_)| | | | | || (_| |  ) ) ) )
  '  |____| .__|_| |_|_| |_\__, | / / / /
 =========|_|==============|___/=/_/_/_/

 :: Spring Boot ::                (v3.3.6)

2025-09-27T14:17:25.784+07:00  INFO 92657 --- [Registration Form API] [  restartedMain] c.r.api.RegistrationFormApiApplication   : Starting RegistrationFormApiApplication using Java 17.0.16 with PID 92657 (/Users/isnendyankp/Desktop/Programmer/Belajar/Project/Template/RegistrationForm/backend/ikp-labs-api/target/classes started by isnendyankp in /Users/isnendyankp/Desktop/Programmer/Belajar/Project/Template/RegistrationForm/backend/ikp-labs-api)
2025-09-27T14:17:25.785+07:00  INFO 92657 --- [Registration Form API] [  restartedMain] c.r.api.RegistrationFormApiApplication   : No active profile set, falling back to 1 default profile: "default"
2025-09-27T14:17:25.802+07:00  INFO 92657 --- [Registration Form API] [  restartedMain] .e.DevToolsPropertyDefaultsPostProcessor : Devtools property defaults active! Set 'spring.devtools.add-properties' to 'false' to disable
2025-09-27T14:17:25.802+07:00  INFO 92657 --- [Registration Form API] [  restartedMain] .e.DevToolsPropertyDefaultsPostProcessor : For additional web related logging consider setting the 'logging.level.web' property to 'DEBUG'
2025-09-27T14:17:26.050+07:00  INFO 92657 --- [Registration Form API] [  restartedMain] .s.d.r.c.RepositoryConfigurationDelegate : Bootstrapping Spring Data JPA repositories in DEFAULT mode.
2025-09-27T14:17:26.076+07:00  INFO 92657 --- [Registration Form API] [  restartedMain] .s.d.r.c.RepositoryConfigurationDelegate : Finished Spring Data repository scanning in 22 ms. Found 1 JPA repository interface.
2025-09-27T14:17:26.277+07:00  INFO 92657 --- [Registration Form API] [  restartedMain] o.s.b.w.embedded.tomcat.TomcatWebServer  : Tomcat initialized with port 8081 (http)
2025-09-27T14:17:26.284+07:00  INFO 92657 --- [Registration Form API] [  restartedMain] o.apache.catalina.core.StandardService   : Starting service [Tomcat]
2025-09-27T14:17:26.284+07:00  INFO 92657 --- [Registration Form API] [  restartedMain] o.apache.catalina.core.StandardEngine    : Starting Servlet engine: [Apache Tomcat/10.1.33]
2025-09-27T14:17:26.302+07:00  INFO 92657 --- [Registration Form API] [  restartedMain] o.a.c.c.C.[Tomcat].[localhost].[/]       : Initializing Spring embedded WebApplicationContext
2025-09-27T14:17:26.303+07:00  INFO 92657 --- [Registration Form API] [  restartedMain] w.s.c.ServletWebServerApplicationContext : Root WebApplicationContext: initialization completed in 500 ms
2025-09-27T14:17:26.363+07:00  INFO 92657 --- [Registration Form API] [  restartedMain] o.hibernate.jpa.internal.util.LogHelper  : HHH000204: Processing PersistenceUnitInfo [name: default]
2025-09-27T14:17:26.393+07:00  INFO 92657 --- [Registration Form API] [  restartedMain] org.hibernate.Version                    : HHH000412: Hibernate ORM core version 6.5.3.Final
2025-09-27T14:17:26.410+07:00  INFO 92657 --- [Registration Form API] [  restartedMain] o.h.c.internal.RegionFactoryInitiator    : HHH000026: Second-level cache disabled
2025-09-27T14:17:26.522+07:00  INFO 92657 --- [Registration Form API] [  restartedMain] o.s.o.j.p.SpringPersistenceUnitInfo      : No LoadTimeWeaver setup: ignoring JPA class transformer
2025-09-27T14:17:26.533+07:00  INFO 92657 --- [Registration Form API] [  restartedMain] com.zaxxer.hikari.HikariDataSource       : HikariPool-1 - Starting...
2025-09-27T14:17:26.590+07:00  INFO 92657 --- [Registration Form API] [  restartedMain] com.zaxxer.hikari.pool.HikariPool        : HikariPool-1 - Added connection org.postgresql.jdbc.PgConnection@7c5ff80a
2025-09-27T14:17:26.591+07:00  INFO 92657 --- [Registration Form API] [  restartedMain] com.zaxxer.hikari.HikariDataSource       : HikariPool-1 - Start completed.
2025-09-27T14:17:26.619+07:00  WARN 92657 --- [Registration Form API] [  restartedMain] org.hibernate.orm.deprecation            : HHH90000025: PostgreSQLDialect does not need to be specified explicitly using 'hibernate.dialect' (remove the property setting and it will be selected by default)
2025-09-27T14:17:26.996+07:00  INFO 92657 --- [Registration Form API] [  restartedMain] o.h.e.t.j.p.i.JtaPlatformInitiator       : HHH000489: No JTA platform available (set 'hibernate.transaction.jta.platform' to enable JTA platform integration)
2025-09-27T14:17:27.109+07:00  INFO 92657 --- [Registration Form API] [  restartedMain] j.LocalContainerEntityManagerFactoryBean : Initialized JPA EntityManagerFactory for persistence unit 'default'
2025-09-27T14:17:27.255+07:00  INFO 92657 --- [Registration Form API] [  restartedMain] o.s.d.j.r.query.QueryEnhancerFactory     : Hibernate is in classpath; If applicable, HQL parser will be used.
2025-09-27T14:17:27.414+07:00  WARN 92657 --- [Registration Form API] [  restartedMain] JpaBaseConfiguration$JpaWebConfiguration : spring.jpa.open-in-view is enabled by default. Therefore, database queries may be performed during view rendering. Explicitly configure spring.jpa.open-in-view to disable this warning
2025-09-27T14:17:27.557+07:00  WARN 92657 --- [Registration Form API] [  restartedMain] o.s.b.d.a.OptionalLiveReloadServer       : Unable to start LiveReload server
2025-09-27T14:17:27.566+07:00  WARN 92657 --- [Registration Form API] [  restartedMain] ConfigServletWebServerApplicationContext : Exception encountered during context initialization - cancelling refresh attempt: org.springframework.context.ApplicationContextException: Failed to start bean 'webServerStartStop'
2025-09-27T14:17:27.566+07:00  INFO 92657 --- [Registration Form API] [  restartedMain] j.LocalContainerEntityManagerFactoryBean : Closing JPA EntityManagerFactory for persistence unit 'default'
2025-09-27T14:17:27.567+07:00  INFO 92657 --- [Registration Form API] [  restartedMain] com.zaxxer.hikari.HikariDataSource       : HikariPool-1 - Shutdown initiated...
2025-09-27T14:17:27.568+07:00  INFO 92657 --- [Registration Form API] [  restartedMain] com.zaxxer.hikari.HikariDataSource       : HikariPool-1 - Shutdown completed.
2025-09-27T14:17:27.575+07:00  INFO 92657 --- [Registration Form API] [  restartedMain] .s.b.a.l.ConditionEvaluationReportLogger : 

Error starting ApplicationContext. To display the condition evaluation report re-run your application with 'debug' enabled.
2025-09-27T14:17:27.582+07:00 ERROR 92657 --- [Registration Form API] [  restartedMain] o.s.b.d.LoggingFailureAnalysisReporter   : 

***************************
APPLICATION FAILED TO START
***************************

Description:

Web server failed to start. Port 8081 was already in use.

Action:

Identify and stop the process that's listening on port 8081 or configure this application to listen on another port.

[INFO] ------------------------------------------------------------------------
[INFO] BUILD SUCCESS
[INFO] ------------------------------------------------------------------------
[INFO] Total time:  2.810 s
[INFO] Finished at: 2025-09-27T14:17:27+07:00
[INFO] ------------------------------------------------------------------------
